<?xml version="1.0" encoding="UTF-8"?>
<!-- Generated by org.testng.reporters.JUnitReportReporter -->
<testsuite ignored="0" hostname="DESKTOP-AVAK9V5" failures="0" tests="3" name="testNGlearning.SecondTest" time="4.767" errors="0" timestamp="02 Jan 2025 07:44:57 GMT" skipped="0">
  <testcase classname="testNGlearning.SecondTest" name="logout" time="0.088"/>
  <testcase classname="testNGlearning.SecondTest" name="openapp" time="4.194"/>
  <testcase classname="testNGlearning.SecondTest" name="login" time="0.485"/>
</testsuite> <!-- testNGlearning.SecondTest -->
