<?xml version="1.0" encoding="UTF-8"?>
<!-- Generated by org.testng.reporters.JUnitReportReporter -->
<testsuite ignored="0" hostname="DESKTOP-AVAK9V5" failures="0" tests="2" name="testNGlearning.MyFirstTestFW" time="23.718" errors="0" timestamp="02 Jan 2025 07:44:57 GMT" skipped="0">
  <testcase classname="testNGlearning.MyFirstTestFW" name="loginZoho" time="12.968"/>
  <testcase classname="testNGlearning.MyFirstTestFW" name="loginZoho" time="10.750"/>
</testsuite> <!-- testNGlearning.MyFirstTestFW -->
